This file contains any messages produced by compilers while
running configure, to aid debugging if configure makes a mistake.

It was created by configure, which was
generated by GNU Autoconf 2.71.  Invocation command line was

  $ /Users/mcawood/Lmod/Lmod/configure --prefix=/Users/mcawood/Lmod/Lmod/rt/end2end/t1/2024_10_17_14_37_12-Darwin-arm64-end2end/b0 --with-useBuiltinPkgs=yes

## --------- ##
## Platform. ##
## --------- ##

hostname = mbp
uname -m = arm64
uname -r = 24.0.0
uname -s = Darwin
uname -v = Darwin Kernel Version 24.0.0: Tue Sep 24 23:37:25 PDT 2024; root:xnu-11215.1.12~1/RELEASE_ARM64_T6030

/usr/bin/uname -p = arm
/bin/uname -X     = unknown

/bin/arch              = unknown
/usr/bin/arch -k       = unknown
/usr/convex/getsysinfo = unknown
/usr/bin/hostinfo      = Mach kernel version:
	 Darwin Kernel Version 24.0.0: Tue Sep 24 23:37:25 PDT 2024; root:xnu-11215.1.12~1/RELEASE_ARM64_T6030
Kernel configured for up to 12 processors.
12 processors are physically available.
12 processors are logically available.
Processor type: arm64e (ARM64E)
Processors active: 0 1 2 3 4 5 6 7 8 9 10 11
Primary memory available: 36.00 gigabytes
Default processor set: 872 tasks, 5176 threads, 12 processors
Load average: 5.24, Mach factor: 6.79
/bin/machine           = unknown
/usr/bin/oslevel       = unknown
/bin/universe          = unknown

PATH: /Users/mcawood/Lmod/Lmod/proj_mgmt/
PATH: /Users/mcawood/Lmod/Hermes/bin/
PATH: /opt/homebrew/bin/
PATH: /usr/bin/
PATH: /bin/


## ----------- ##
## Core tests. ##
## ----------- ##

configure:2493: checking for gcc
configure:2514: found /usr/bin/gcc
configure:2525: result: gcc
configure:2878: checking for C compiler version
configure:2887: gcc --version >&5
Apple clang version 16.0.0 (clang-1600.0.26.3)
Target: arm64-apple-darwin24.0.0
Thread model: posix
InstalledDir: /Library/Developer/CommandLineTools/usr/bin
configure:2898: $? = 0
configure:2887: gcc -v >&5
Apple clang version 16.0.0 (clang-1600.0.26.3)
Target: arm64-apple-darwin24.0.0
Thread model: posix
InstalledDir: /Library/Developer/CommandLineTools/usr/bin
configure:2898: $? = 0
configure:2887: gcc -V >&5
clang: error: argument to '-V' is missing (expected 1 value)
clang: error: no input files
configure:2898: $? = 1
configure:2887: gcc -qversion >&5
clang: error: unknown argument '-qversion'; did you mean '--version'?
clang: error: no input files
configure:2898: $? = 1
configure:2887: gcc -version >&5
clang: error: unknown argument '-version'; did you mean '--version'?
clang: error: no input files
configure:2898: $? = 1
configure:2918: checking whether the C compiler works
configure:2940: gcc    conftest.c  >&5
configure:2944: $? = 0
configure:2994: result: yes
configure:2997: checking for C compiler default output file name
configure:2999: result: a.out
configure:3005: checking for suffix of executables
configure:3012: gcc -o conftest    conftest.c  >&5
configure:3016: $? = 0
configure:3039: result: 
configure:3061: checking whether we are cross compiling
configure:3069: gcc -o conftest    conftest.c  >&5
configure:3073: $? = 0
configure:3080: ./conftest
configure:3084: $? = 0
configure:3099: result: no
configure:3104: checking for suffix of object files
configure:3127: gcc -c   conftest.c >&5
configure:3131: $? = 0
configure:3153: result: o
configure:3157: checking whether the compiler supports GNU C
configure:3177: gcc -c   conftest.c >&5
configure:3177: $? = 0
configure:3187: result: yes
configure:3198: checking whether gcc accepts -g
configure:3219: gcc -c -g  conftest.c >&5
configure:3219: $? = 0
configure:3263: result: yes
configure:3283: checking for gcc option to enable C11 features
configure:3298: gcc  -c -g -O2  conftest.c >&5
conftest.c:23:14: warning: a function definition without a prototype is deprecated in all versions of C and is not supported in C2x [-Wdeprecated-non-prototype]
   23 | static char *e (p, i)
      |              ^
1 warning generated.
configure:3298: $? = 0
configure:3316: result: none needed
configure:3478: result: DUPLICATE_PATHS=no
configure:3499: result: LMOD_ALLOW_ROOT_USE=yes
configure:3518: result: SITE_MSG_FILE=<empty>
configure:3537: result: LMOD_OVERRIDE_LANG=<empty>
configure:3558: result: CASE_INDEPENDENT_SORTING=no
configure:3579: result: COLORIZE=yes
configure:3600: result: DYNAMIC_SPIDER_CACHE=yes
configure:3621: result: HIDDEN_ITALIC=no
configure:3642: result: EXACT_MATCH=no
configure:3662: result: MODE=user_default
configure:3681: result: LMOD_CONFIG_DIR=/etc/lmod
configure:3702: result: AUTO_SWAP=yes
configure:3725: result: EXPORT_MODULE=yes
configure:3746: result: REDIRECT=no
configure:3764: result: MODULEPATH_ROOT=/Users/mcawood/Lmod/Lmod/rt/end2end/t1/2024_10_17_14_37_12-Darwin-arm64-end2end/b0/modulefiles
configure:3783: result: ANCIENT=86400
configure:3802: result: SHORT_TIME=2
configure:3821: result: SPIDER_CACHE_DIRS=
configure:3840: result: SPIDER_CACHE_DESCRIPT_FN=
configure:3859: result: UPDATE_SYSTEM_FN=
configure:3878: result: PREPEND_BLOCK=normal
configure:3897: result: SITE_NAME=<empty>
configure:3916: result: SYSHOST=<empty>
configure:3937: result: ALLOW_TCL_MFILES=yes
configure:3958: result: DISABLE_NAME_AUTOSWAP=no
configure:3979: result: MPATH_AVAIL=no
configure:4000: result: SETTARG=no
configure:4021: result: IGNORE_DIRS=.svn,.git,.hg,.bzr
configure:4042: result: PIN_VERSIONS=no
configure:4063: result: LMOD_DOWNSTREAM_CONFLICTS=no
configure:4084: result: MODULES_AUTO_HANDLING=no
configure:4105: result: TMOD_PATH_RULE=no
configure:4126: result: TMOD_FIND_FIRST=no
configure:4145: result: LUA_INCLUDE=no
configure:4166: result: CACHED_LOADS=no
configure:4187: result: EXTENDED_DEFAULT=yes
configure:4208: result: SUPPORT_KSH=no
configure:4227: result: MODULEPATH_INIT=@PKG@/init/.modulespath
configure:4248: result: SITE_CONTROLLED_PREFIX=no
configure:4263: result: USE_BUILT_IN_PKGS=yes
configure:4290: result: USE_DOT_CONFIG_DIR_ONLY=no
configure:4311: result: SILENCE_SHELL_DEBUGGING=yes
configure:4332: result: FAST_TCL_INTERP=yes
configure:4353: result: MODULE_AUTO_HANDLING=no
configure:4374: result: AVAIL_EXTENSIONS=yes
configure:4398: result: PATH_TO_LUA=lua
configure:4421: result: PATH_TO_LUAC=luac
configure:4442: result: LUA_SUFFIX=no
configure:4532: checking for stdio.h
configure:4532: gcc -c -g -O2 -I/Library/Developer/CommandLineTools/SDKs/MacOSX.sdk/usr/include conftest.c >&5
configure:4532: $? = 0
configure:4532: result: yes
configure:4532: checking for stdlib.h
configure:4532: gcc -c -g -O2 -I/Library/Developer/CommandLineTools/SDKs/MacOSX.sdk/usr/include conftest.c >&5
configure:4532: $? = 0
configure:4532: result: yes
configure:4532: checking for string.h
configure:4532: gcc -c -g -O2 -I/Library/Developer/CommandLineTools/SDKs/MacOSX.sdk/usr/include conftest.c >&5
configure:4532: $? = 0
configure:4532: result: yes
configure:4532: checking for inttypes.h
configure:4532: gcc -c -g -O2 -I/Library/Developer/CommandLineTools/SDKs/MacOSX.sdk/usr/include conftest.c >&5
configure:4532: $? = 0
configure:4532: result: yes
configure:4532: checking for stdint.h
configure:4532: gcc -c -g -O2 -I/Library/Developer/CommandLineTools/SDKs/MacOSX.sdk/usr/include conftest.c >&5
configure:4532: $? = 0
configure:4532: result: yes
configure:4532: checking for strings.h
configure:4532: gcc -c -g -O2 -I/Library/Developer/CommandLineTools/SDKs/MacOSX.sdk/usr/include conftest.c >&5
configure:4532: $? = 0
configure:4532: result: yes
configure:4532: checking for sys/stat.h
configure:4532: gcc -c -g -O2 -I/Library/Developer/CommandLineTools/SDKs/MacOSX.sdk/usr/include conftest.c >&5
configure:4532: $? = 0
configure:4532: result: yes
configure:4532: checking for sys/types.h
configure:4532: gcc -c -g -O2 -I/Library/Developer/CommandLineTools/SDKs/MacOSX.sdk/usr/include conftest.c >&5
configure:4532: $? = 0
configure:4532: result: yes
configure:4532: checking for unistd.h
configure:4532: gcc -c -g -O2 -I/Library/Developer/CommandLineTools/SDKs/MacOSX.sdk/usr/include conftest.c >&5
configure:4532: $? = 0
configure:4532: result: yes
configure:4557: checking for tcl.h
configure:4557: gcc -c -g -O2 -I/Library/Developer/CommandLineTools/SDKs/MacOSX.sdk/usr/include conftest.c >&5
configure:4557: $? = 0
configure:4557: result: yes
configure:4570: checking for library containing Tcl_CreateInterp
configure:4600: gcc -o conftest -g -O2 -I/Library/Developer/CommandLineTools/SDKs/MacOSX.sdk/usr/include  conftest.c  >&5
Undefined symbols for architecture arm64:
  "_Tcl_CreateInterp", referenced from:
      _main in conftest-080035.o
ld: symbol(s) not found for architecture arm64
clang: error: linker command failed with exit code 1 (use -v to see invocation)
configure:4600: $? = 1
configure: failed program was:
| /* confdefs.h */
| #define PACKAGE_NAME ""
| #define PACKAGE_TARNAME ""
| #define PACKAGE_VERSION ""
| #define PACKAGE_STRING ""
| #define PACKAGE_BUGREPORT ""
| #define PACKAGE_URL ""
| #define DUPLICATE_PATHS "no"
| #define LMOD_ALLOW_ROOT_USE "yes"
| #define SITE_MSG_FILE "<empty>"
| #define LMOD_OVERRIDE_LANG "<empty>"
| #define CASE_INDEPENDENT_SORTING "no"
| #define COLORIZE "yes"
| #define DYNAMIC_SPIDER_CACHE "yes"
| #define HIDDEN_ITALIC "no"
| #define EXACT_MATCH "no"
| #define MODE "user_default"
| #define LMOD_CONFIG_DIR "/etc/lmod"
| #define AUTO_SWAP "yes"
| #define EXPORT_MODULE "yes"
| #define REDIRECT "no"
| #define MODULEPATH_ROOT "/Users/mcawood/Lmod/Lmod/rt/end2end/t1/2024_10_17_14_37_12-Darwin-arm64-end2end/b0/modulefiles"
| #define ANCIENT "86400"
| #define SHORT_TIME "2"
| #define SPIDER_CACHE_DIRS ""
| #define SPIDER_CACHE_DESCRIPT_FN ""
| #define UPDATE_SYSTEM_FN ""
| #define PREPEND_BLOCK "normal"
| #define SITE_NAME "<empty>"
| #define SYSHOST "<empty>"
| #define ALLOW_TCL_MFILES "yes"
| #define DISABLE_NAME_AUTOSWAP "no"
| #define MPATH_AVAIL "no"
| #define SETTARG "no"
| #define IGNORE_DIRS ".svn,.git,.hg,.bzr"
| #define PIN_VERSIONS "no"
| #define LMOD_DOWNSTREAM_CONFLICTS "no"
| #define MODULES_AUTO_HANDLING "no"
| #define TMOD_PATH_RULE "no"
| #define TMOD_FIND_FIRST "no"
| #define LUA_INCLUDE "no"
| #define CACHED_LOADS "no"
| #define EXTENDED_DEFAULT "yes"
| #define SUPPORT_KSH "no"
| #define MODULEPATH_INIT "@PKG@/init/.modulespath"
| #define SITE_CONTROLLED_PREFIX "no"
| #define USE_BUILT_IN_PKGS "yes"
| #define USE_DOT_CONFIG_DIR_ONLY "no"
| #define SILENCE_SHELL_DEBUGGING "yes"
| #define FAST_TCL_INTERP "yes"
| #define MODULE_AUTO_HANDLING "no"
| #define AVAIL_EXTENSIONS "yes"
| #define PATH_TO_LUA "lua"
| #define PATH_TO_LUAC "luac"
| #define LUA_SUFFIX "no"
| #define HAVE_STDIO_H 1
| #define HAVE_STDLIB_H 1
| #define HAVE_STRING_H 1
| #define HAVE_INTTYPES_H 1
| #define HAVE_STDINT_H 1
| #define HAVE_STRINGS_H 1
| #define HAVE_SYS_STAT_H 1
| #define HAVE_SYS_TYPES_H 1
| #define HAVE_UNISTD_H 1
| #define STDC_HEADERS 1
| #define HAVE_TCL_H 1
| /* end confdefs.h.  */
| 
| /* Override any GCC internal prototype to avoid an error.
|    Use char because int might match the return type of a GCC
|    builtin and then its argument prototype would still apply.  */
| char Tcl_CreateInterp ();
| int
| main (void)
| {
| return Tcl_CreateInterp ();
|   ;
|   return 0;
| }
configure:4600: gcc -o conftest -g -O2 -I/Library/Developer/CommandLineTools/SDKs/MacOSX.sdk/usr/include  conftest.c -ltcl   >&5
configure:4600: $? = 0
configure:4620: result: -ltcl
configure:4677: checking for ps
configure:4700: found /bin/ps
configure:4713: result: /bin/ps
configure:4731: checking for readlink
configure:4754: found /usr/bin/readlink
configure:4767: result: /usr/bin/readlink
configure:4787: checking for gexpr
configure:4810: found /opt/homebrew/bin/gexpr
configure:4822: result: /opt/homebrew/bin/gexpr
configure:4846: checking for gbasename
configure:4869: found /opt/homebrew/bin/gbasename
configure:4881: result: /opt/homebrew/bin/gbasename
configure:4905: checking for bc
configure:4928: found /usr/bin/bc
configure:4940: result: /usr/bin/bc
configure:4962: checking for pod2man
configure:4985: found /usr/bin/pod2man
configure:4998: result: /usr/bin/pod2man
configure:5009: checking for git
configure:5032: found /usr/bin/git
configure:5045: result: /usr/bin/git
configure:5057: checking for less
configure:5080: found /usr/bin/less
configure:5092: result: /usr/bin/less
configure:5109: checking for sha1sum
configure:5132: found /opt/homebrew/bin/sha1sum
configure:5144: result: /opt/homebrew/bin/sha1sum
configure:5168: checking for tclsh
configure:5191: found /opt/homebrew/bin/tclsh
configure:5204: result: /opt/homebrew/bin/tclsh
configure:5223: checking for gtr
configure:5246: found /opt/homebrew/bin/gtr
configure:5258: result: /opt/homebrew/bin/gtr
configure:5274: checking for gls
configure:5297: found /opt/homebrew/bin/gls
configure:5309: result: /opt/homebrew/bin/gls
configure:5365: checking for lua
configure:5388: found /opt/homebrew/bin/lua
configure:5400: result: /opt/homebrew/bin/lua
configure:5420: checking for luac
configure:5443: found /opt/homebrew/bin/luac
configure:5455: result: /opt/homebrew/bin/luac
configure:5592: checking for pkg-config
configure:5631: result: no

## ---------------- ##
## Cache variables. ##
## ---------------- ##

ac_cv_c_compiler_gnu=yes
ac_cv_env_CC_set=
ac_cv_env_CC_value=
ac_cv_env_CFLAGS_set=
ac_cv_env_CFLAGS_value=
ac_cv_env_CPPFLAGS_set=
ac_cv_env_CPPFLAGS_value=
ac_cv_env_LDFLAGS_set=
ac_cv_env_LDFLAGS_value=
ac_cv_env_LIBS_set=
ac_cv_env_LIBS_value=
ac_cv_env_build_alias_set=
ac_cv_env_build_alias_value=
ac_cv_env_host_alias_set=
ac_cv_env_host_alias_value=
ac_cv_env_target_alias_set=
ac_cv_env_target_alias_value=
ac_cv_header_inttypes_h=yes
ac_cv_header_stdint_h=yes
ac_cv_header_stdio_h=yes
ac_cv_header_stdlib_h=yes
ac_cv_header_string_h=yes
ac_cv_header_strings_h=yes
ac_cv_header_sys_stat_h=yes
ac_cv_header_sys_types_h=yes
ac_cv_header_tcl_h=yes
ac_cv_header_unistd_h=yes
ac_cv_objext=o
ac_cv_path_BASENAME=/opt/homebrew/bin/gbasename
ac_cv_path_BC=/usr/bin/bc
ac_cv_path_EXPR=/opt/homebrew/bin/gexpr
ac_cv_path_FIND_PATH_TO_LUA=/opt/homebrew/bin/lua
ac_cv_path_FIND_PATH_TO_LUAC=/opt/homebrew/bin/luac
ac_cv_path_PATH_TO_GIT=/usr/bin/git
ac_cv_path_PATH_TO_HASHSUM=/opt/homebrew/bin/sha1sum
ac_cv_path_PATH_TO_LS=/opt/homebrew/bin/gls
ac_cv_path_PATH_TO_PAGER=/usr/bin/less
ac_cv_path_PATH_TO_POD2MAN=/usr/bin/pod2man
ac_cv_path_PATH_TO_TCLSH=/opt/homebrew/bin/tclsh
ac_cv_path_PATH_TO_TR=/opt/homebrew/bin/gtr
ac_cv_path_PS=/bin/ps
ac_cv_path_READLINK=/usr/bin/readlink
ac_cv_path_pkgConfig=
ac_cv_prog_ac_ct_CC=gcc
ac_cv_prog_cc_c11=
ac_cv_prog_cc_g=yes
ac_cv_prog_cc_stdc=
ac_cv_search_Tcl_CreateInterp=-ltcl

## ----------------- ##
## Output variables. ##
## ----------------- ##

ALLOW_TCL_MFILES='yes'
ANCIENT='86400'
AUTO_SWAP='yes'
AVAIL_EXTENSIONS='yes'
BASENAME='/opt/homebrew/bin/gbasename'
BC='/usr/bin/bc'
CACHED_LOADS='no'
CASE_INDEPENDENT_SORTING='no'
CC='gcc'
CFLAGS='-g -O2'
COLORIZE='yes'
CPPFLAGS='-I/Library/Developer/CommandLineTools/SDKs/MacOSX.sdk/usr/include'
DEFS=''
DISABLE_NAME_AUTOSWAP='no'
DUPLICATE_PATHS='no'
DYNAMIC_SPIDER_CACHE='yes'
ECHO_C='\c'
ECHO_N=''
ECHO_T=''
EXACT_MATCH='no'
EXEEXT=''
EXPORT_MODULE='yes'
EXPR='/opt/homebrew/bin/gexpr'
EXTENDED_DEFAULT='yes'
FAST_TCL_INTERP='yes'
FIND_PATH_TO_LUA='/opt/homebrew/bin/lua'
FIND_PATH_TO_LUAC='/opt/homebrew/bin/luac'
HAVE_LUAFILESYSTEM='no'
HAVE_LUA_TERM='no'
HIDDEN_ITALIC='no'
IGNORE_DIRS='.svn,.git,.hg,.bzr'
LDFLAGS=''
LIBOBJS=''
LIBS='-ltcl '
LMOD_ALLOW_ROOT_USE='yes'
LMOD_CONFIG_DIR='/etc/lmod'
LMOD_DOWNSTREAM_CONFLICTS='no'
LMOD_OVERRIDE_LANG='<empty>'
LTLIBOBJS=''
LUA_INCLUDE='/opt/homebrew/Cellar/lua/5.4.7/include'
LUA_SUFFIX='no'
MODE='user_default'
MODULEPATH_INIT='@PKG@/init/.modulespath'
MODULEPATH_ROOT='/Users/mcawood/Lmod/Lmod/rt/end2end/t1/2024_10_17_14_37_12-Darwin-arm64-end2end/b0/modulefiles'
MODULES_AUTO_HANDLING='no'
MODULE_AUTO_HANDLING='no'
MPATH_AVAIL='no'
OBJEXT='o'
ORIG_ZSH_VERSION=''
PACKAGE_BUGREPORT=''
PACKAGE_NAME=''
PACKAGE_STRING=''
PACKAGE_TARNAME=''
PACKAGE_URL=''
PACKAGE_VERSION=''
PATH_SEPARATOR=':'
PATH_TO_GIT='/usr/bin/git'
PATH_TO_HASHSUM='/opt/homebrew/bin/sha1sum'
PATH_TO_LS='/opt/homebrew/bin/gls'
PATH_TO_LUA='/opt/homebrew/Cellar/lua/5.4.7/bin/lua'
PATH_TO_LUAC='/opt/homebrew/Cellar/lua/5.4.7/bin/luac'
PATH_TO_PAGER='/usr/bin/less'
PATH_TO_POD2MAN='/usr/bin/pod2man'
PATH_TO_SRC='/Users/mcawood/Lmod/Lmod'
PATH_TO_TCLSH='/opt/homebrew/bin/tclsh'
PATH_TO_TR='/opt/homebrew/bin/gtr'
PIN_VERSIONS='no'
PREPEND_BLOCK='normal'
PS='/bin/ps'
READLINK='/usr/bin/readlink'
REDIRECT='no'
SETTARG='no'
SHELL='/bin/sh'
SHORT_TIME='2'
SILENCE_SHELL_DEBUGGING='yes'
SITE_CONTROLLED_PREFIX='no'
SITE_MSG_FILE='<empty>'
SITE_NAME='<empty>'
SPIDER_CACHE_DESCRIPT_FN=''
SPIDER_CACHE_DIRS=''
SUPPORT_KSH='no'
SYSHOST='<empty>'
SYS_LD_LIB_PATH=''
SYS_LD_PRELOAD=''
SYS_LUA_CPATH='/opt/homebrew/lib/lua/5.4/?.so;/opt/homebrew/lib/lua/5.4/loadall.so;'
SYS_LUA_PATH='/Users/mcawood/Lmod/Hermes/lib/?.lua;/Users/mcawood/Lmod/Hermes/tools/?.lua;/opt/homebrew/share/lua/5.4/?.lua;/opt/homebrew/share/lua/5.4/?/init.lua;/opt/homebrew/lib/lua/5.4/?.lua;/opt/homebrew/lib/lua/5.4/?/init.lua'
TCL_INCLUDE='-I/Library/Developer/CommandLineTools/SDKs/MacOSX.sdk/usr/include'
TCL_LIBS=''
TMOD_FIND_FIRST='no'
TMOD_PATH_RULE='no'
UPDATE_SYSTEM_FN=''
USE_BUILT_IN_PKGS='yes'
USE_DOT_CONFIG_DIR_ONLY='no'
ZSH=''
ZSH_FPATH=''
ZSH_SITE_FUNCTIONS_DIRS=''
ac_ct_CC='gcc'
bindir='${exec_prefix}/bin'
build_alias=''
datadir='${datarootdir}'
datarootdir='${prefix}/share'
docdir='${datarootdir}/doc/${PACKAGE}'
dvidir='${docdir}'
exec_prefix='NONE'
host_alias=''
htmldir='${docdir}'
includedir='${prefix}/include'
infodir='${datarootdir}/info'
libdir='${exec_prefix}/lib'
libexecdir='${exec_prefix}/libexec'
localedir='${datarootdir}/locale'
localstatedir='${prefix}/var'
mandir='${datarootdir}/man'
oldincludedir='/usr/include'
pdfdir='${docdir}'
pkgConfig=''
prefix='/Users/mcawood/Lmod/Lmod/rt/end2end/t1/2024_10_17_14_37_12-Darwin-arm64-end2end/b0'
program_transform_name='s,x,x,'
psdir='${docdir}'
runstatedir='${localstatedir}/run'
sbindir='${exec_prefix}/sbin'
sharedstatedir='${prefix}/com'
sysconfdir='${prefix}/etc'
target_alias=''

## ----------- ##
## confdefs.h. ##
## ----------- ##

/* confdefs.h */
#define PACKAGE_NAME ""
#define PACKAGE_TARNAME ""
#define PACKAGE_VERSION ""
#define PACKAGE_STRING ""
#define PACKAGE_BUGREPORT ""
#define PACKAGE_URL ""
#define DUPLICATE_PATHS "no"
#define LMOD_ALLOW_ROOT_USE "yes"
#define SITE_MSG_FILE "<empty>"
#define LMOD_OVERRIDE_LANG "<empty>"
#define CASE_INDEPENDENT_SORTING "no"
#define COLORIZE "yes"
#define DYNAMIC_SPIDER_CACHE "yes"
#define HIDDEN_ITALIC "no"
#define EXACT_MATCH "no"
#define MODE "user_default"
#define LMOD_CONFIG_DIR "/etc/lmod"
#define AUTO_SWAP "yes"
#define EXPORT_MODULE "yes"
#define REDIRECT "no"
#define MODULEPATH_ROOT "/Users/mcawood/Lmod/Lmod/rt/end2end/t1/2024_10_17_14_37_12-Darwin-arm64-end2end/b0/modulefiles"
#define ANCIENT "86400"
#define SHORT_TIME "2"
#define SPIDER_CACHE_DIRS ""
#define SPIDER_CACHE_DESCRIPT_FN ""
#define UPDATE_SYSTEM_FN ""
#define PREPEND_BLOCK "normal"
#define SITE_NAME "<empty>"
#define SYSHOST "<empty>"
#define ALLOW_TCL_MFILES "yes"
#define DISABLE_NAME_AUTOSWAP "no"
#define MPATH_AVAIL "no"
#define SETTARG "no"
#define IGNORE_DIRS ".svn,.git,.hg,.bzr"
#define PIN_VERSIONS "no"
#define LMOD_DOWNSTREAM_CONFLICTS "no"
#define MODULES_AUTO_HANDLING "no"
#define TMOD_PATH_RULE "no"
#define TMOD_FIND_FIRST "no"
#define LUA_INCLUDE "no"
#define CACHED_LOADS "no"
#define EXTENDED_DEFAULT "yes"
#define SUPPORT_KSH "no"
#define MODULEPATH_INIT "@PKG@/init/.modulespath"
#define SITE_CONTROLLED_PREFIX "no"
#define USE_BUILT_IN_PKGS "yes"
#define USE_DOT_CONFIG_DIR_ONLY "no"
#define SILENCE_SHELL_DEBUGGING "yes"
#define FAST_TCL_INTERP "yes"
#define MODULE_AUTO_HANDLING "no"
#define AVAIL_EXTENSIONS "yes"
#define PATH_TO_LUA "lua"
#define PATH_TO_LUAC "luac"
#define LUA_SUFFIX "no"
#define HAVE_STDIO_H 1
#define HAVE_STDLIB_H 1
#define HAVE_STRING_H 1
#define HAVE_INTTYPES_H 1
#define HAVE_STDINT_H 1
#define HAVE_STRINGS_H 1
#define HAVE_SYS_STAT_H 1
#define HAVE_SYS_TYPES_H 1
#define HAVE_UNISTD_H 1
#define STDC_HEADERS 1
#define HAVE_TCL_H 1

configure: exit 1
